<?xml version="1.0" encoding="UTF-8"?>
<!-- Generated by org.testng.reporters.JUnitReportReporter -->
<testsuite hostname="LAPTOP-T9M4KOS1" failures="0" tests="2" name="com.realezy.qa.testcases.LoginTestCase" time="49.661" errors="0" timestamp="2022-06-24T11:02:36 BDT" skipped="0">
  <testcase classname="com.realezy.qa.testcases.LoginTestCase" name="loginPageInputErrorTest" time="24.696"/>
  <system-out/>
  <testcase classname="com.realezy.qa.testcases.LoginTestCase" name="LoginTest" time="24.965"/>
  <system-out/>
</testsuite> <!-- com.realezy.qa.testcases.LoginTestCase -->
