<?xml version="1.0" encoding="UTF-8"?>
<!-- Generated by org.testng.reporters.JUnitReportReporter -->
<testsuite hostname="LAPTOP-T9M4KOS1" failures="0" tests="1" name="com.realezy.qa.base.BaseClass" time="6.330" errors="0" timestamp="2022-06-21T12:28:09 BDT" skipped="0">
  <testcase classname="com.realezy.qa.base.BaseClass" name="loginTest" time="6.330"/>
  <system-out/>
</testsuite> <!-- com.realezy.qa.base.BaseClass -->
